[debug] [2024-11-16T12:31:38.215Z] ----------------------------------------------------------------------
[debug] [2024-11-16T12:31:38.221Z] Command:       C:\Program Files\nodejs\node.exe C:\Users\cryzlenn\AppData\Roaming\npm\node_modules\firebase-tools\lib\bin\firebase.js init hosting
[debug] [2024-11-16T12:31:38.222Z] CLI Version:   13.25.0
[debug] [2024-11-16T12:31:38.222Z] Platform:      win32
[debug] [2024-11-16T12:31:38.222Z] Node Version:  v22.11.0
[debug] [2024-11-16T12:31:38.223Z] Time:          Sat Nov 16 2024 13:31:38 GMT+0100 (GMT+01:00)
[debug] [2024-11-16T12:31:38.223Z] ----------------------------------------------------------------------
[debug] 
[debug] [2024-11-16T12:31:38.239Z] > command requires scopes: ["email","openid","https://www.googleapis.com/auth/cloudplatformprojects.readonly","https://www.googleapis.com/auth/firebase","https://www.googleapis.com/auth/cloud-platform"]
[debug] [2024-11-16T12:31:38.239Z] > authorizing via signed-in user (oualeedkh@gmail.com)
[info] 
     ######## #### ########  ######## ########     ###     ######  ########
     ##        ##  ##     ## ##       ##     ##  ##   ##  ##       ##
     ######    ##  ########  ######   ########  #########  ######  ######
     ##        ##  ##    ##  ##       ##     ## ##     ##       ## ##
     ##       #### ##     ## ######## ########  ##     ##  ######  ########

You're about to initialize a Firebase project in this directory:

  C:\Users\cryzlenn\Desktop\dude

[info] 
=== Project Setup
[info] 
[info] First, let's associate this project directory with a Firebase project.
[info] You can create multiple project aliases by running firebase use --add, 
[info] but for now we'll just set up a default project.
[info] 
[debug] [2024-11-16T12:31:45.771Z] Checked if tokens are valid: true, expires at: 1731763304234
[debug] [2024-11-16T12:31:45.771Z] Checked if tokens are valid: true, expires at: 1731763304234
[debug] [2024-11-16T12:31:45.776Z] >>> [apiv2][query] GET https://firebase.googleapis.com/v1beta1/projects pageSize=100
[debug] [2024-11-16T12:31:46.465Z] <<< [apiv2][status] GET https://firebase.googleapis.com/v1beta1/projects 200
[debug] [2024-11-16T12:31:46.465Z] <<< [apiv2][body] GET https://firebase.googleapis.com/v1beta1/projects [omitted]
